<?xml version="1.0" encoding="UTF-8"?>
<testng-results skipped="0" failed="0" ignored="0" total="1" passed="1">
  <reporter-output>
  </reporter-output>
  <suite name="Default suite" duration-ms="34013" started-at="2019-07-15T22:51:14Z" finished-at="2019-07-15T22:51:48Z">
    <groups>
    </groups>
    <test name="Default test" duration-ms="34013" started-at="2019-07-15T22:51:14Z" finished-at="2019-07-15T22:51:48Z">
      <class name="WebDriverManaager.ChromeTest">
        <test-method status="PASS" signature="setupClass()[pri:0, instance:WebDriverManaager.ChromeTest@3bfdc050]" name="setupClass" is-config="true" duration-ms="8620" started-at="2019-07-15T22:51:14Z" finished-at="2019-07-15T22:51:23Z">
          <reporter-output>
          </reporter-output>
        </test-method> <!-- setupClass -->
        <test-method status="PASS" signature="test()[pri:0, instance:WebDriverManaager.ChromeTest@3bfdc050]" name="test" duration-ms="24685" started-at="2019-07-15T22:51:23Z" finished-at="2019-07-15T22:51:47Z">
          <reporter-output>
          </reporter-output>
        </test-method> <!-- test -->
        <test-method status="PASS" signature="teardown()[pri:0, instance:WebDriverManaager.ChromeTest@3bfdc050]" name="teardown" is-config="true" duration-ms="690" started-at="2019-07-15T22:51:47Z" finished-at="2019-07-15T22:51:48Z">
          <reporter-output>
          </reporter-output>
        </test-method> <!-- teardown -->
      </class> <!-- WebDriverManaager.ChromeTest -->
    </test> <!-- Default test -->
  </suite> <!-- Default suite -->
</testng-results>
