<?xml version="1.0" encoding="UTF-8"?>
<testng-results skipped="0" failed="0" ignored="0" total="1" passed="1">
  <reporter-output>
  </reporter-output>
  <suite name="Default suite" duration-ms="31199" started-at="2019-07-15T05:11:42Z" finished-at="2019-07-15T05:12:14Z">
    <groups>
    </groups>
    <test name="Default test" duration-ms="31199" started-at="2019-07-15T05:11:42Z" finished-at="2019-07-15T05:12:14Z">
      <class name="WebDriverManaager.ChromeTest">
        <test-method status="PASS" signature="setupClass()[pri:0, instance:WebDriverManaager.ChromeTest@1e88b3c]" name="setupClass" is-config="true" duration-ms="3716" started-at="2019-07-15T05:11:42Z" finished-at="2019-07-15T05:11:46Z">
          <reporter-output>
          </reporter-output>
        </test-method> <!-- setupClass -->
        <test-method status="PASS" signature="test()[pri:0, instance:WebDriverManaager.ChromeTest@1e88b3c]" name="test" duration-ms="26729" started-at="2019-07-15T05:11:46Z" finished-at="2019-07-15T05:12:13Z">
          <reporter-output>
          </reporter-output>
        </test-method> <!-- test -->
        <test-method status="PASS" signature="teardown()[pri:0, instance:WebDriverManaager.ChromeTest@1e88b3c]" name="teardown" is-config="true" duration-ms="728" started-at="2019-07-15T05:12:13Z" finished-at="2019-07-15T05:12:14Z">
          <reporter-output>
          </reporter-output>
        </test-method> <!-- teardown -->
      </class> <!-- WebDriverManaager.ChromeTest -->
    </test> <!-- Default test -->
  </suite> <!-- Default suite -->
</testng-results>
